[18:57:00] [main/INFO]: Setting user: ForgeDevName
[18:57:01] [Client thread/INFO]: LWJGL Version: 2.9.1
[18:57:06] [Client thread/INFO]: Reloading ResourceManager: Default, FMLFileResourcePack:Forge Mod Loader, FMLFileResourcePack:Minecraft Forge, FMLFileResourcePack:Additional Tools and Armor
[18:57:06] [Sound Library Loader/INFO]: Sound engine started
[18:57:09] [Client thread/INFO]: Created: 512x256 textures/blocks-atlas
[18:57:09] [Client thread/INFO]: Created: 256x256 textures/items-atlas
[18:57:09] [Client thread/INFO]: Reloading ResourceManager: Default, FMLFileResourcePack:Forge Mod Loader, FMLFileResourcePack:Minecraft Forge, FMLFileResourcePack:Additional Tools and Armor
[18:57:09] [Client thread/INFO]: Created: 256x256 textures/items-atlas
[18:57:10] [Client thread/INFO]: Created: 512x256 textures/blocks-atlas
[18:57:11] [Sound Library Loader/INFO]: Sound engine started
[18:58:48] [Server thread/INFO]: Starting integrated minecraft server version 1.7.10
[18:58:48] [Server thread/INFO]: Generating keypair
[18:58:48] [Server thread/INFO]: Converting map!
[18:58:48] [Server thread/INFO]: Scanning folders...
[18:58:48] [Server thread/INFO]: Total conversion count is 0
[18:58:50] [Server thread/INFO]: Preparing start region for level 0
[18:58:50] [Server thread/INFO]: Changing view distance to 12, from 10
[18:58:51] [Server thread/INFO]: ForgeDevName[local:E:81896880] logged in with entity id 8 at (722.5, 4.0, 653.5)
[18:58:51] [Server thread/INFO]: ForgeDevName joined the game
[18:59:00] [Server thread/INFO]: ForgeDevName has just earned the achievement [Taking Inventory]
[18:59:00] [Client thread/INFO]: [CHAT] ForgeDevName has just earned the achievement [Taking Inventory]
[18:59:49] [Server thread/INFO]: Saving and pausing game...
[18:59:49] [Server thread/INFO]: Saving chunks for level 'New World'/Overworld
[18:59:49] [Server thread/INFO]: Saving chunks for level 'New World'/Nether
[18:59:49] [Server thread/INFO]: Saving chunks for level 'New World'/The End
[18:59:50] [Server thread/INFO]: Stopping server
[18:59:50] [Server thread/INFO]: Saving players
[18:59:50] [Server thread/INFO]: Saving worlds
[18:59:50] [Server thread/INFO]: Saving chunks for level 'New World'/Overworld
[18:59:50] [Server thread/INFO]: Saving chunks for level 'New World'/Nether
[18:59:50] [Server thread/INFO]: Saving chunks for level 'New World'/The End
[18:59:51] [Client thread/INFO]: Stopping!
